[01:43:55] [Server thread/INFO]: There are 1 of a max of 20 players online: BlackPillona_96
[01:44:08] [Server thread/INFO]: [Not Secure] [Server] non cheattare buonanotte hahhahah
[02:14:16] [User Authenticator #16/INFO]: UUID of player ExEnry is 724d1c1c-ad79-3f05-91e2-d008afeaa6d5
[02:14:17] [Server thread/INFO]: ExEnry joined the game
[02:14:17] [Server thread/INFO]: ExEnry[/91.254.74.218:62715] logged in with entity id 237125 at ([world]-311.94999998807907, 80.875, 114.33140791774473)
[02:21:56] [User Authenticator #17/INFO]: UUID of player BlackPillona_94 is e258d955-cdf3-3130-9910-bfeca184bfa7
[02:21:57] [Server thread/INFO]: BlackPillona_94 joined the game
[02:21:57] [Server thread/INFO]: BlackPillona_94[/81.56.36.157:19981] logged in with entity id 242613 at ([world]-314.42345215476877, 96.0625, 110.19967631863304)
[02:22:05] [Async Chat Thread - #17/INFO]: [Not Secure] <BlackPillona_94> weeee
[02:22:08] [Async Chat Thread - #17/INFO]: [Not Secure] <ExEnry> oi
[02:22:21] [Async Chat Thread - #17/INFO]: [Not Secure] <BlackPillona_94> kefia
[02:22:24] [Async Chat Thread - #17/INFO]: [Not Secure] <BlackPillona_94> ke fai
[02:22:27] [Async Chat Thread - #17/INFO]: [Not Secure] <ExEnry> carletto e afk nella farm dienderman
[02:22:33] [Async Chat Thread - #17/INFO]: [Not Secure] <BlackPillona_94> hahahaha
[02:22:35] [Async Chat Thread - #17/INFO]: [Not Secure] <ExEnry> io sto facendo gli incantesimi
[02:22:43] [Async Chat Thread - #17/INFO]: [Not Secure] <BlackPillona_94> toppp
[02:22:55] [Async Chat Thread - #17/INFO]: [Not Secure] <BlackPillona_94> poi quando hai voglia fai qualcosa per abbellire?
[02:23:08] [Async Chat Thread - #17/INFO]: [Not Secure] <ExEnry> eja certu
[02:48:39] [Server thread/INFO]: BlackPillona_94 issued server command: /sethome casa3
[02:48:56] [Server thread/INFO]: BlackPillona_94 issued server command: /home
[02:51:31] [Server thread/INFO]: BlackPillona_94 issued server command: /tp @e[name="Diamanti"] BlackPillona_94
[02:51:31] [Server thread/INFO]: [BlackPillona_94: Teleported Diamanti to BlackPillona_94]
[02:51:47] [Server thread/INFO]: BlackPillona_94 issued server command: /tp @e[name="Spawn Mob"] BlackPillona_94
[02:51:47] [Server thread/INFO]: [BlackPillona_94: Teleported 2 entities to BlackPillona_94]
[02:53:14] [Server thread/INFO]: BlackPillona_94 issued server command: /home
[02:55:59] [Server thread/INFO]: BlackPillona_94 issued server command: /home
[02:56:04] [Server thread/INFO]: BlackPillona_94 issued server command: /home
[02:59:34] [Server thread/INFO]: BlackPillona_94 issued server command: /home
[03:00:02] [Server thread/INFO]: BlackPillona_94 issued server command: /home
[03:01:50] [Server thread/INFO]: BlackPillona_94 issued server command: /home
[03:03:11] [Server thread/INFO]: BlackPillona_94 issued server command: /home
[03:08:53] [Server thread/INFO]: BlackPillona_94 issued server command: /home
[03:11:14] [Server thread/INFO]: BlackPillona_94 issued server command: /home
[03:11:57] [Server thread/INFO]: BlackPillona_94 issued server command: /home
[03:16:51] [Server thread/INFO]: BlackPillona_94 issued server command: /home
[03:19:07] [Server thread/INFO]: BlackPillona_94 issued server command: /gamemode creative
[03:19:07] [Server thread/INFO]: [BlackPillona_94: Set own game mode to Creative Mode]
[03:19:28] [Server thread/INFO]: BlackPillona_94 issued server command: /gamemode survival
[03:19:28] [Server thread/INFO]: [BlackPillona_94: Set own game mode to Survival Mode]
[03:19:29] [Server thread/INFO]: BlackPillona_94 issued server command: /home
[03:24:19] [Server thread/INFO]: BlackPillona_94 issued server command: /home
[03:25:20] [Async Chat Thread - #19/INFO]: [Not Secure] <BlackPillona_94> ci sei enri
[03:25:24] [Async Chat Thread - #19/INFO]: [Not Secure] <ExEnry> eja
[03:25:29] [Async Chat Thread - #19/INFO]: [Not Secure] <BlackPillona_94> chefai
[03:25:48] [Async Chat Thread - #19/INFO]: [Not Secure] <ExEnry> tra poco vado in miniera per degli smeraldi
[03:25:51] [Async Chat Thread - #19/INFO]: [Not Secure] <BlackPillona_94> ulla
[03:25:52] [Server thread/INFO]: BlackPillona_94 issued server command: /gamemode creative
[03:25:52] [Server thread/INFO]: [BlackPillona_94: Set own game mode to Creative Mode]
[03:26:06] [Async Chat Thread - #19/INFO]: [Not Secure] <ExEnry> voglio mending
[03:35:31] [Server thread/INFO]: BlackPillona_94 issued server command: /gamemode survival
[03:35:31] [Server thread/INFO]: [BlackPillona_94: Set own game mode to Survival Mode]
[03:37:00] [Server thread/INFO]: BlackPillona_94 issued server command: /home
[03:38:28] [Async Chat Thread - #21/INFO]: [Not Secure] <BlackPillona_94> anziche miniera ti convengono le montagne alte
[03:38:31] [Server thread/INFO]: BlackPillona_94 issued server command: /bluemap start
[03:38:36] [Server thread/INFO]: BlackPillona_94 issued server command: /bluemap
[03:38:38] [Async Chat Thread - #21/INFO]: [Not Secure] <ExEnry> lo so lo so
[03:38:46] [Async Chat Thread - #21/INFO]: [Not Secure] <ExEnry> sto guardandl la
[03:38:56] [Async Chat Thread - #21/INFO]: [Not Secure] <BlackPillona_94> okk
[03:38:58] [Server thread/INFO]: BlackPillona_94 issued server command: /bluemap
[03:39:10] [Server thread/INFO]: BlackPillona_94 issued server command: /bluemap
[03:40:26] [Async Chat Thread - #23/INFO]: [Not Secure] <BlackPillona_94> nella cosa degli hobbit ci sono i villager speciali per comprare smeraldi
[03:40:35] [Async Chat Thread - #23/INFO]: [Not Secure] <BlackPillona_94> 5 blocchi di diamante = 1 blocco di smeraldo
[03:40:47] [Async Chat Thread - #23/INFO]: [Not Secure] <ExEnry> dove???
[03:40:52] [Async Chat Thread - #23/INFO]: [Not Secure] <BlackPillona_94> vieni alla fornce
[03:41:01] [Async Chat Thread - #23/INFO]: [Not Secure] <BlackPillona_94> ti faccio ved
[03:41:35] [Async Chat Thread - #23/INFO]: [Not Secure] <BlackPillona_94> lho appena fatta la casetta
[03:41:45] [Async Chat Thread - #23/INFO]: [Not Secure] <BlackPillona_94> dimmi se ti poiace
[03:41:58] [Async Chat Thread - #23/INFO]: [Not Secure] <ExEnry> molto carina
[03:42:14] [Async Chat Thread - #23/INFO]: [Not Secure] <BlackPillona_94> :D
[03:42:46] [Async Chat Thread - #23/INFO]: [Not Secure] <ExEnry> hai piccone con fortina da prestarmi ?
[03:42:58] [Async Chat Thread - #23/INFO]: [Not Secure] <BlackPillona_94> cen'è uno in base in teoria
[03:43:01] [Async Chat Thread - #23/INFO]: [Not Secure] <BlackPillona_94> nelle casse
[03:43:08] [Async Chat Thread - #23/INFO]: [Not Secure] <ExEnry> adesso guardo
[03:43:14] [Async Chat Thread - #23/INFO]: [Not Secure] <BlackPillona_94> casse roba rara
[03:45:41] [Async Chat Thread - #25/INFO]: [Not Secure] <BlackPillona_94> puoi dormire?
[03:45:48] [Async Chat Thread - #25/INFO]: [Not Secure] <BlackPillona_94> o uscire 2 sec
[03:45:56] [Async Chat Thread - #25/INFO]: [Not Secure] <BlackPillona_94> top
[03:46:10] [Async Chat Thread - #25/INFO]: [Not Secure] <BlackPillona_94> diventato giorno hahah
[03:46:16] [Async Chat Thread - #25/INFO]: [Not Secure] <ExEnry> sono nel end
[03:46:21] [Async Chat Thread - #25/INFO]: [Not Secure] <ExEnry> credo che faccia
[03:46:27] [Async Chat Thread - #25/INFO]: [Not Secure] <BlackPillona_94> aaaa
[03:46:31] [Async Chat Thread - #25/INFO]: [Not Secure] <BlackPillona_94> eja per quello sicuro
[03:49:17] [Server thread/INFO]: BlackPillona_94 issued server command: /give @p minecraft:mossy_cobblestone 64
[03:49:17] [Server thread/INFO]: [BlackPillona_94: Gave 64 [Mossy Cobblestone] to BlackPillona_94]
[03:49:22] [Server thread/INFO]: BlackPillona_94 issued server command: /home
[03:50:51] [Server thread/INFO]: BlackPillona_94 issued server command: /give @p spruce_log 128
[03:50:51] [Server thread/INFO]: [BlackPillona_94: Gave 128 [Spruce Log] to BlackPillona_94]
[03:51:16] [Server thread/INFO]: BlackPillona_94 issued server command: /give @p redstone_lamp 11
[03:51:16] [Server thread/INFO]: [BlackPillona_94: Gave 11 [Redstone Lamp] to BlackPillona_94]
[03:51:18] [Server thread/INFO]: BlackPillona_94 issued server command: /home
[03:53:37] [Server thread/INFO]: BlackPillona_94 issued server command: /home
[04:00:16] [Async Chat Thread - #27/INFO]: [Not Secure] <ExEnry> come funge la fornace ??
[04:00:23] [Async Chat Thread - #27/INFO]: [Not Secure] <ExEnry> e cambiata vero?
[04:00:24] [Async Chat Thread - #27/INFO]: [Not Secure] <BlackPillona_94> quella in bas?
[04:00:26] [Async Chat Thread - #27/INFO]: [Not Secure] <BlackPillona_94> no
[04:00:33] [Async Chat Thread - #27/INFO]: [Not Secure] <BlackPillona_94> apri la leva
[04:00:37] [Async Chat Thread - #27/INFO]: [Not Secure] <BlackPillona_94> e si ferma il minecart
[04:00:43] [Async Chat Thread - #27/INFO]: [Not Secure] <BlackPillona_94> su le cose da cuocere
[04:00:48] [Async Chat Thread - #27/INFO]: [Not Secure] <BlackPillona_94> aspetta che si fermi
[04:01:05] [Async Chat Thread - #27/INFO]: [Not Secure] <BlackPillona_94> su cosa da cuocere giu carboone / combustibile
[04:01:10] [Async Chat Thread - #27/INFO]: [Not Secure] <ExEnry> okk
[04:01:22] [Async Chat Thread - #27/INFO]: [Not Secure] <ExEnry> ho messo 3 stack di ferro
[04:01:25] [Async Chat Thread - #27/INFO]: [Not Secure] <BlackPillona_94> ulla
[04:01:29] [Async Chat Thread - #27/INFO]: [Not Secure] <BlackPillona_94> io sto abbellendo
[04:01:51] [Async Chat Thread - #27/INFO]: [Not Secure] <BlackPillona_94> ma tra poco stacco
[04:02:01] [Async Chat Thread - #27/INFO]: [Not Secure] <ExEnry> io tra 5 min
[04:02:08] [Async Chat Thread - #27/INFO]: [Not Secure] <BlackPillona_94> sono le 5
[04:02:13] [Async Chat Thread - #27/INFO]: [Not Secure] <ExEnry> infatti
[04:02:24] [Async Chat Thread - #27/INFO]: [Not Secure] <ExEnry> mincaa
[04:02:36] [Server thread/INFO]: ExEnry has made the advancement [What a Deal!]
[04:02:47] [Server thread/INFO]: BlackPillona_94 issued server command: /home
[04:03:20] [Server thread/INFO]: BlackPillona_94 issued server command: /gamemode spectator
[04:03:20] [Server thread/INFO]: [BlackPillona_94: Set own game mode to Spectator Mode]
[04:03:31] [Server thread/INFO]: BlackPillona_94 issued server command: /gamemode survival
[04:03:31] [Server thread/INFO]: [BlackPillona_94: Set own game mode to Survival Mode]
[04:04:47] [Async Chat Thread - #29/INFO]: [Not Secure] <BlackPillona_94> buonanotte cuggi
[04:04:51] [Async Chat Thread - #29/INFO]: [Not Secure] <BlackPillona_94> ci sentiamo domani
[04:04:55] [Async Chat Thread - #29/INFO]: [Not Secure] <ExEnry> notte more
[04:04:57] [Async Chat Thread - #29/INFO]: [Not Secure] <ExEnry> ejaa
[04:05:00] [Server thread/INFO]: BlackPillona_94 lost connection: Disconnected
[04:05:00] [Server thread/INFO]: BlackPillona_94 left the game
[04:07:20] [Server thread/INFO]: ExEnry has made the advancement [The Parrots and the Bats]
[04:15:21] [Server thread/INFO]: BlackPillona_96 was slain by Enderman
[04:15:51] [Server thread/INFO]: ExEnry has completed the challenge [Cover Me in Debris]
[04:24:13] [Server thread/INFO]: ExEnry lost connection: Disconnected
[04:24:13] [Server thread/INFO]: ExEnry left the game
[07:20:39] [Server thread/INFO]: BlackPillona_96 lost connection: Disconnected
[07:20:39] [Server thread/INFO]: BlackPillona_96 left the game
[07:20:41] [User Authenticator #18/INFO]: UUID of player BlackPillona_96 is a05c8968-62c7-3ffb-bca7-bf07caf51f25
[07:20:41] [Server thread/INFO]: BlackPillona_96 joined the game
[07:20:41] [Server thread/INFO]: BlackPillona_96[/93.67.93.38:57045] logged in with entity id 339154 at ([world]-312.5, 96.0625, 117.5)
[07:20:51] [Server thread/INFO]: BlackPillona_96 issued server command: /gamemode creative
[07:20:51] [Server thread/INFO]: [BlackPillona_96: Set own game mode to Creative Mode]
[07:21:14] [Server thread/INFO]: BlackPillona_96 lost connection: Disconnected
[07:21:14] [Server thread/INFO]: BlackPillona_96 left the game
[07:21:16] [User Authenticator #18/INFO]: UUID of player BlackPillona_96 is a05c8968-62c7-3ffb-bca7-bf07caf51f25
[07:21:16] [Server thread/INFO]: BlackPillona_96 joined the game
[07:21:16] [Server thread/INFO]: BlackPillona_96[/93.67.93.38:57049] logged in with entity id 339233 at ([world]-308.6434368142405, 80.0, 114.8470187512905)
[07:28:31] [Server thread/INFO]: BlackPillona_96 issued server command: /gamemode survival
[07:28:31] [Server thread/INFO]: [BlackPillona_96: Set own game mode to Survival Mode]
[08:08:41] [Server thread/INFO]: BlackPillona_96 issued server command: /gamerule randomTickSpeed 600
[08:08:41] [Server thread/INFO]: [BlackPillona_96: Gamerule randomTickSpeed is now set to: 600]
[08:08:51] [Server thread/INFO]: BlackPillona_96 issued server command: /gamerule randomTickSpeed 6000
[08:08:51] [Server thread/INFO]: [BlackPillona_96: Gamerule randomTickSpeed is now set to: 6000]
[08:09:05] [Server thread/WARN]: Can't keep up! Is the server overloaded? Running 2506ms or 50 ticks behind
[08:09:06] [Server thread/INFO]: BlackPillona_96 issued server command: /gamerule randomTickSpeed 60
[08:09:06] [Server thread/INFO]: [BlackPillona_96: Gamerule randomTickSpeed is now set to: 60]
[09:09:37] [Server thread/INFO]: BlackPillona_96 issued server command: /gamemode spectator
[09:09:37] [Server thread/INFO]: [BlackPillona_96: Set own game mode to Spectator Mode]
[09:09:44] [Server thread/INFO]: BlackPillona_96 issued server command: /gamemode survival
[09:09:44] [Server thread/INFO]: [BlackPillona_96: Set own game mode to Survival Mode]
[09:23:11] [Server thread/INFO]: BlackPillona_96 lost connection: Disconnected
[09:23:11] [Server thread/INFO]: BlackPillona_96 left the game
[09:23:33] [User Authenticator #19/INFO]: UUID of player BlackPillona_96 is a05c8968-62c7-3ffb-bca7-bf07caf51f25
[09:23:34] [Server thread/INFO]: BlackPillona_96 joined the game
[09:23:34] [Server thread/INFO]: BlackPillona_96[/93.67.93.38:57490] logged in with entity id 357615 at ([world]-316.76774796123385, 63.0, 132.64742437511802)
[10:09:38] [Server thread/INFO]: BlackPillona_96 issued server command: /gamemode creative
[10:09:38] [Server thread/INFO]: [BlackPillona_96: Set own game mode to Creative Mode]
[10:09:42] [Server thread/INFO]: BlackPillona_96 issued server command: /gamemode survival
[10:09:42] [Server thread/INFO]: [BlackPillona_96: Set own game mode to Survival Mode]
[10:54:38] [Server thread/INFO]: BlackPillona_96 issued server command: /gamemode creative
[10:54:38] [Server thread/INFO]: [BlackPillona_96: Set own game mode to Creative Mode]
[10:54:49] [Server thread/INFO]: BlackPillona_96 issued server command: /gamemode survival
[10:54:49] [Server thread/INFO]: [BlackPillona_96: Set own game mode to Survival Mode]
[13:02:43] [User Authenticator #20/INFO]: UUID of player ExEnry is 724d1c1c-ad79-3f05-91e2-d008afeaa6d5
[13:02:43] [Server thread/INFO]: ExEnry joined the game
[13:02:43] [Server thread/INFO]: ExEnry[/91.254.74.218:59537] logged in with entity id 400280 at ([world_the_end]25.696321581474255, 57.0, 252.41453862722577)
[13:03:09] [Async Chat Thread - #31/INFO]: [Not Secure] <ExEnry> ce qualcuno ???
[13:03:12] [Async Chat Thread - #31/INFO]: [Not Secure] <ExEnry> carle?
[13:12:04] [Server thread/INFO]: ExEnry was slain by Enderman
[13:23:09] [User Authenticator #21/INFO]: UUID of player BlackPillona_94 is e258d955-cdf3-3130-9910-bfeca184bfa7
[13:23:09] [Server thread/INFO]: BlackPillona_94 joined the game
[13:23:09] [Server thread/INFO]: BlackPillona_94[/81.56.36.157:28051] logged in with entity id 404995 at ([world]-307.8221435546875, 91.0, 114.43205261230469)
[13:23:13] [Async Chat Thread - #33/INFO]: [Not Secure] <BlackPillona_94> weeeee
[13:23:16] [Async Chat Thread - #33/INFO]: [Not Secure] <BlackPillona_94> venite su discord
[13:30:55] [Server thread/INFO]: BlackPillona_94 issued server command: /removehome
[13:30:58] [Server thread/INFO]: BlackPillona_94 issued server command: /home
[13:31:04] [Server thread/INFO]: BlackPillona_94 issued server command: /removehome casa2
[13:31:05] [Server thread/INFO]: BlackPillona_94 issued server command: /removehome 2
[13:31:06] [Server thread/INFO]: BlackPillona_94 issued server command: /removehome casa3
[13:31:21] [Server thread/INFO]: BlackPillona_94 issued server command: /home
[13:34:25] [Async Chat Thread - #35/INFO]: [Not Secure] <BlackPillona_94> gg
[13:36:37] [Server thread/INFO]: ExEnry has made the advancement [Local Brewery]
[13:46:11] [Async Chat Thread - #37/INFO]: [Not Secure] <BlackPillona_94> gg
[13:46:45] [Server thread/INFO]: BlackPillona_94 issued server command: /deop @a
[13:46:45] [Server thread/INFO]: [BlackPillona_94: Made BlackPillona_96 no longer a server operator]
[13:46:45] [Server thread/INFO]: [BlackPillona_94: Made BlackPillona_94 no longer a server operator]
[13:56:11] [Server thread/INFO]: BlackPillona_94 issued server command: /home
[14:03:14] [Server thread/INFO]: BlackPillona_94 issued server command: /w BlackPillona_96 Bravissim*A*
[14:03:30] [Server thread/INFO]: BlackPillona_96 lost connection: Disconnected
[14:03:30] [Server thread/INFO]: BlackPillona_96 left the game
[14:03:33] [Server thread/INFO]: BlackPillona_94 lost connection: Disconnected
[14:03:33] [Server thread/INFO]: BlackPillona_94 left the game
[14:03:37] [User Authenticator #22/INFO]: UUID of player BlackPillona_96 is a05c8968-62c7-3ffb-bca7-bf07caf51f25
[14:03:37] [Server thread/INFO]: BlackPillona_96 joined the game
[14:03:37] [Server thread/INFO]: BlackPillona_96[/93.67.93.38:58401] logged in with entity id 423969 at ([world]-311.4879344595435, 63.273504292324006, 123.91091732051859)
[14:03:38] [User Authenticator #22/INFO]: UUID of player BlackPillona_94 is e258d955-cdf3-3130-9910-bfeca184bfa7
[14:03:38] [Server thread/INFO]: BlackPillona_94 joined the game
[14:03:38] [Server thread/INFO]: BlackPillona_94[/81.56.36.157:31479] logged in with entity id 423974 at ([world]-221.96999647839297, 86.54496950023547, 158.71917383507278)
[14:03:44] [Server thread/INFO]: BlackPillona_94 issued server command: /bluemap stop
[14:04:02] [Server thread/INFO]: Made BlackPillona_94 a server operator
[14:04:05] [Server thread/INFO]: BlackPillona_94 issued server command: /bluemap
[14:04:15] [Server thread/INFO]: BlackPillona_94 issued server command: /deop BlackPillona_94
[14:04:15] [Server thread/INFO]: [BlackPillona_94: Made BlackPillona_94 no longer a server operator]
[14:05:20] [Async Chat Thread - #41/INFO]: [Not Secure] <ExEnry> eja
[14:05:22] [Async Chat Thread - #41/INFO]: [Not Secure] <ExEnry> losco
[14:12:59] [Async Chat Thread - #43/INFO]: [Not Secure] <BlackPillona_94> tgg
[14:13:01] [Server thread/INFO]: ExEnry issued server command: /minecraft:me
[14:19:16] [Server thread/INFO]: ExEnry has made the advancement [Careful Restoration]
[14:20:50] [Server thread/INFO]: Gave 5 [Leather] to BlackPillona_94
[14:27:24] [Server thread/INFO]: Gave 1 [ExEnry's Head] to ExEnry
[14:30:48] [Server thread/INFO]: Unknown item 'minecraft:blackpillona_94'
...em__frame blackpillona_94<--[HERE]
[14:31:01] [Server thread/INFO]: Gave 1 [Item Frame] to BlackPillona_94
[14:39:47] [Server thread/INFO]: Villager Villager['Diamanti'/54503, uuid='75f8b02f-84b7-439b-9048-e2852a2987b3', l='ServerLevel[world]', x=-224.55, y=88.00, z=105.62, cpos=[-15, 6], tl=695579, v=true] died, message: 'Diamanti was killed'
[14:39:47] [Server thread/INFO]: Named entity Villager['Diamanti'/54503, uuid='75f8b02f-84b7-439b-9048-e2852a2987b3', l='ServerLevel[world]', x=-224.55, y=88.00, z=105.62, cpos=[-15, 6], tl=695579, v=true] died: Diamanti was killed
[14:39:47] [Server thread/INFO]: Killed Diamanti
[14:39:53] [Server thread/INFO]: Villager Villager['Spawn Mob'/275, uuid='7ba2a3d2-2741-4cf1-b00e-d4c4c55b9143', l='ServerLevel[world]', x=-224.59, y=88.00, z=113.70, cpos=[-15, 7], tl=1316987, v=true] died, message: 'Spawn Mob was killed'
[14:39:53] [Server thread/INFO]: Named entity Villager['Spawn Mob'/275, uuid='7ba2a3d2-2741-4cf1-b00e-d4c4c55b9143', l='ServerLevel[world]', x=-224.59, y=88.00, z=113.70, cpos=[-15, 7], tl=1316987, v=true] died: Spawn Mob was killed
[14:39:53] [Server thread/INFO]: Villager Villager['Spawn Mob'/277, uuid='187d3765-634c-4b35-9861-66a9ccc0b998', l='ServerLevel[world]', x=-224.59, y=88.00, z=113.70, cpos=[-15, 7], tl=1316039, v=true] died, message: 'Spawn Mob was killed'
[14:39:53] [Server thread/INFO]: Named entity Villager['Spawn Mob'/277, uuid='187d3765-634c-4b35-9861-66a9ccc0b998', l='ServerLevel[world]', x=-224.59, y=88.00, z=113.70, cpos=[-15, 7], tl=1316039, v=true] died: Spawn Mob was killed
[14:39:53] [Server thread/INFO]: Killed 2 entities
[14:47:05] [Server thread/INFO]: Invalid or unknown entity type 'minecraft:'
...l @e[type="creeper"]<--[HERE]
[14:47:12] [Server thread/INFO]: Made BlackPillona_94 a server operator
[14:47:15] [Server thread/INFO]: BlackPillona_94 issued server command: /gamemode spectator
[14:47:15] [Server thread/INFO]: [BlackPillona_94: Set own game mode to Spectator Mode]
[14:47:23] [Server thread/INFO]: BlackPillona_94 issued server command: /gamemode creative
[14:47:23] [Server thread/INFO]: [BlackPillona_94: Set own game mode to Creative Mode]
[14:47:34] [Server thread/INFO]: BlackPillona_94 issued server command: /gamemode spectator
[14:47:34] [Server thread/INFO]: [BlackPillona_94: Set own game mode to Spectator Mode]
[14:47:39] [Server thread/INFO]: BlackPillona_94 issued server command: /gamemode creative
[14:47:39] [Server thread/INFO]: [BlackPillona_94: Set own game mode to Creative Mode]
[14:47:43] [Server thread/INFO]: BlackPillona_94 issued server command: /gamemode spectator
[14:47:43] [Server thread/INFO]: [BlackPillona_94: Set own game mode to Spectator Mode]
[14:47:47] [Server thread/INFO]: BlackPillona_94 issued server command: /gamemode creative
[14:47:47] [Server thread/INFO]: [BlackPillona_94: Set own game mode to Creative Mode]
[14:47:49] [Server thread/INFO]: BlackPillona_94 issued server command: /gamemode spectator
[14:47:49] [Server thread/INFO]: [BlackPillona_94: Set own game mode to Spectator Mode]
[14:47:51] [Server thread/INFO]: BlackPillona_94 issued server command: /gamemode creative
[14:47:51] [Server thread/INFO]: [BlackPillona_94: Set own game mode to Creative Mode]
[14:47:52] [Server thread/INFO]: BlackPillona_94 issued server command: /gamemode spectator
[14:47:52] [Server thread/INFO]: [BlackPillona_94: Set own game mode to Spectator Mode]
[14:47:56] [Server thread/INFO]: BlackPillona_94 issued server command: /gamemode creative
[14:47:56] [Server thread/INFO]: [BlackPillona_94: Set own game mode to Creative Mode]
[14:47:57] [Server thread/INFO]: BlackPillona_94 issued server command: /gamemode spectator
[14:47:57] [Server thread/INFO]: [BlackPillona_94: Set own game mode to Spectator Mode]
[14:48:14] [Server thread/INFO]: BlackPillona_94 issued server command: /gamemode survival
[14:48:14] [Server thread/INFO]: [BlackPillona_94: Set own game mode to Survival Mode]
[14:48:17] [Server thread/INFO]: BlackPillona_94 issued server command: /deop @a
[14:48:17] [Server thread/INFO]: [BlackPillona_94: Made BlackPillona_94 no longer a server operator]
[14:52:12] [Server thread/INFO]: Villager Villager['Nitwit'/439714, uuid='880ea802-1752-48b5-aa1b-7c2ff53aa5e8', l='ServerLevel[world]', x=-1621.36, y=62.76, z=-416.40, cpos=[-102, -27], tl=38392, v=true] died, message: 'Nitwit was slain by Zombie'
[14:52:38] [Async Chat Thread - #45/INFO]: [Not Secure] <BlackPillona_94> gg
[14:56:11] [Server thread/INFO]: BlackPillona_96 lost connection: "Dobbiamo dormire"
[14:56:11] [Server thread/INFO]: BlackPillona_96 left the game
[14:56:11] [Server thread/INFO]: Kicked BlackPillona_96: "Dobbiamo dormire"
[14:56:19] [Server thread/INFO]: ExEnry lost connection: Disconnected
[14:56:19] [Server thread/INFO]: ExEnry left the game
[14:56:25] [User Authenticator #23/INFO]: UUID of player ExEnry is 724d1c1c-ad79-3f05-91e2-d008afeaa6d5
[14:56:25] [Server thread/INFO]: ExEnry joined the game
[14:56:25] [Server thread/INFO]: ExEnry[/91.254.74.218:56731] logged in with entity id 442673 at ([world]15334.719997983477, 77.0, 1513.8843857372244)
[15:03:52] [Server thread/INFO]: Made BlackPillona_94 a server operator
[15:03:58] [Server thread/INFO]: BlackPillona_94 issued server command: /bluemap reload
[15:03:58] [BlueMap-Plugin-ReloadCommand/INFO]: [BlueMap] Loading resources...
[15:03:59] [BlueMap-Plugin-ReloadCommand/INFO]: [BlueMap] Loading textures...
[15:04:00] [BlueMap-Plugin-ReloadCommand/INFO]: [BlueMap] Baking resources...
[15:04:00] [BlueMap-Plugin-ReloadCommand/INFO]: [BlueMap] Resources loaded.
[15:04:00] [BlueMap-Plugin-ReloadCommand/INFO]: [BlueMap] Initializing Storage: 'file' (Type: 'bluemap:file')
[15:04:00] [BlueMap-Plugin-ReloadCommand/INFO]: [BlueMap] Loading map 'world'...
[15:04:00] [BlueMap-Plugin-ReloadCommand/INFO]: [BlueMap] Loading map 'world_the_end'...
[15:04:01] [BlueMap-Plugin-ReloadCommand/INFO]: [BlueMap] Loading map 'world_nether'...
[15:04:01] [BlueMap-Plugin-ReloadCommand/INFO]: [BlueMap] WebServer bound to all network interfaces on port 3000
[15:04:01] [Thread-180/INFO]: [BlueMap] WebServer started.
[15:04:06] [Server thread/INFO]: BlackPillona_94 issued server command: /bluemap start
[15:04:11] [Server thread/INFO]: BlackPillona_94 issued server command: /bluemap stop
[15:05:19] [Async Chat Thread - #47/INFO]: [Not Secure] <BlackPillona_94> -158 25
[15:07:41] [Server thread/INFO]: BlackPillona_94 issued server command: /give BlackPillona_94 minecraft:observer 30
[15:07:41] [Server thread/INFO]: [BlackPillona_94: Gave 30 [Observer] to BlackPillona_94]
[15:07:46] [Server thread/INFO]: BlackPillona_94 issued server command: /clear @p minecraft:observer
[15:07:46] [Server thread/INFO]: [BlackPillona_94: Removed 30 item(s) from player BlackPillona_94]
[15:07:49] [Server thread/INFO]: BlackPillona_94 issued server command: /give BlackPillona_94 minecraft:obsidian 30
[15:07:49] [Server thread/INFO]: [BlackPillona_94: Gave 30 [Obsidian] to BlackPillona_94]
[15:08:00] [Async Chat Thread - #49/INFO]: [Not Secure] <BlackPillona_94> -158 25
[15:09:02] [Server thread/INFO]: BlackPillona_94 issued server command: /give @p oak_sign
[15:09:02] [Server thread/INFO]: [BlackPillona_94: Gave 1 [Oak Sign] to BlackPillona_94]
[15:11:51] [Server thread/INFO]: BlackPillona_94 issued server command: /give @p shears
[15:11:51] [Server thread/INFO]: [BlackPillona_94: Gave 1 [Shears] to BlackPillona_94]
[15:15:35] [Server thread/INFO]: BlackPillona_94 issued server command: /weather clear
[15:15:35] [Server thread/INFO]: [BlackPillona_94: Set the weather to clear]
[15:24:26] [Server thread/INFO]: ExEnry was obliterated by a sonically-charged shriek
[15:24:37] [Async Chat Thread - #51/INFO]: [Not Secure] <BlackPillona_94> 15613 1674
[15:25:00] [Async Chat Thread - #51/INFO]: [Not Secure] <BlackPillona_94> 1951 209
[15:25:10] [Async Chat Thread - #51/INFO]: [Not Secure] <BlackPillona_94> 1951 209 NETHER
[15:25:12] [Async Chat Thread - #51/INFO]: [Not Secure] <BlackPillona_94> 1951 209 OVERWORLD
[15:27:28] [Async Chat Thread - #53/INFO]: [Not Secure] <BlackPillona_94> 1951 209 NETHER
[15:27:28] [Async Chat Thread - #53/INFO]: [Not Secure] <BlackPillona_94> 1951 209 NETHER
[15:27:28] [Async Chat Thread - #53/INFO]: [Not Secure] <BlackPillona_94> 1951 209 NETHER
[15:27:29] [Async Chat Thread - #53/INFO]: [Not Secure] <BlackPillona_94> 1951 209 NETHER
[15:27:29] [Async Chat Thread - #53/INFO]: [Not Secure] <BlackPillona_94> 1951 209 NETHER
[15:28:09] [Async Chat Thread - #53/INFO]: [Not Secure] <BlackPillona_94> 1951 209 NETHER
[15:28:25] [Async Chat Thread - #53/INFO]: [Not Secure] <BlackPillona_94> 1951 209 NETHER
[15:37:07] [Server thread/INFO]: ExEnry has completed the challenge [Subspace Bubble]
[15:37:33] [Async Chat Thread - #55/INFO]: [Not Secure] <BlackPillona_94> 15613 1674
[15:59:27] [Server thread/INFO]: ExEnry lost connection: Disconnected
[15:59:27] [Server thread/INFO]: ExEnry left the game
[16:01:52] [Server thread/INFO]: BlackPillona_94 issued server command: /gamemode creative
[16:01:52] [Server thread/INFO]: [BlackPillona_94: Set own game mode to Creative Mode]
[16:05:12] [Server thread/INFO]: BlackPillona_94 issued server command: /weather clear
[16:05:12] [Server thread/INFO]: [BlackPillona_94: Set the weather to clear]
[16:06:40] [Server thread/INFO]: BlackPillona_94 issued server command: /time set dayt
[16:06:41] [Server thread/INFO]: BlackPillona_94 issued server command: /time set day
[16:06:41] [Server thread/INFO]: [BlackPillona_94: Set the time to 1000]
[16:12:10] [Server thread/INFO]: Villager Villager['Villager'/469546, uuid='53224b03-0480-4bb9-91d0-8b5454c84927', l='ServerLevel[world]', x=-224.92, y=88.00, z=105.30, cpos=[-15, 6], tl=1758, v=true] died, message: 'Villager was slain by BlackPillona_94'
[16:12:14] [Server thread/INFO]: BlackPillona_94 issued server command: /summon minecraft:villager
[16:12:14] [Server thread/INFO]: [BlackPillona_94: Summoned new Villager]
[16:12:27] [Server thread/INFO]: Villager Villager['Villager'/469553, uuid='81256284-cb21-4d89-9e5e-cd95744cb604', l='ServerLevel[world]', x=-224.30, y=88.00, z=113.70, cpos=[-15, 7], tl=2087, v=true] died, message: 'Villager was slain by BlackPillona_94'
[16:12:35] [Server thread/INFO]: BlackPillona_94 issued server command: /summon minecraft:villager
[16:12:35] [Server thread/INFO]: [BlackPillona_94: Summoned new Villager]
[16:13:50] [Server thread/INFO]: Villager Villager['Villager'/469518, uuid='4708ff54-2612-4d9d-86f4-026d3b2d370e', l='ServerLevel[world]', x=-212.27, y=88.00, z=123.30, cpos=[-14, 7], tl=3912, v=true] died, message: 'Villager was slain by BlackPillona_94'
[16:13:58] [Server thread/INFO]: BlackPillona_94 issued server command: /summon minecraft:villager
[16:13:58] [Server thread/INFO]: [BlackPillona_94: Summoned new Villager]
[16:14:08] [Server thread/INFO]: Villager Villager['Villager'/469514, uuid='7219361d-f0c3-4985-b53f-e04d80532979', l='ServerLevel[world]', x=-211.27, y=88.00, z=131.59, cpos=[-14, 8], tl=4302, v=true] died, message: 'Villager was slain by BlackPillona_94'
[16:14:14] [Server thread/INFO]: Villager Villager['Librarian'/470073, uuid='159c2279-61d4-4464-9c9e-85071ea7fc43', l='ServerLevel[world]', x=-212.20, y=88.00, z=123.40, cpos=[-14, 7], tl=307, v=true] died, message: 'Librarian was slain by BlackPillona_94'
[16:14:26] [Server thread/INFO]: BlackPillona_94 issued server command: /summon minecraft:villager
[16:14:26] [Server thread/INFO]: [BlackPillona_94: Summoned new Villager]
[16:14:30] [Server thread/INFO]: Villager Villager['Fisherman'/470123, uuid='cb9e820d-f226-47bf-a62d-b3f6522fd7b3', l='ServerLevel[world]', x=-210.51, y=88.06, z=128.85, cpos=[-14, 8], tl=71, v=true] died, message: 'Fisherman was slain by BlackPillona_94'
[16:14:33] [Server thread/INFO]: BlackPillona_94 issued server command: /summon minecraft:villager
[16:14:33] [Server thread/INFO]: [BlackPillona_94: Summoned new Villager]
[16:14:37] [Server thread/INFO]: BlackPillona_94 issued server command: /gamemode survival
[16:14:37] [Server thread/INFO]: [BlackPillona_94: Set own game mode to Survival Mode]
[16:14:39] [Server thread/INFO]: BlackPillona_94 issued server command: /gamemode spectator
[16:14:39] [Server thread/INFO]: [BlackPillona_94: Set own game mode to Spectator Mode]
[16:14:41] [Server thread/INFO]: BlackPillona_94 issued server command: /gamemode creative
[16:14:41] [Server thread/INFO]: [BlackPillona_94: Set own game mode to Creative Mode]
[16:14:48] [Server thread/INFO]: BlackPillona_94 issued server command: /summon minecraft:villager
[16:14:48] [Server thread/INFO]: [BlackPillona_94: Summoned new Villager]
[16:15:05] [Server thread/INFO]: Villager Villager['Villager'/469502, uuid='dcebc5b4-5df6-4da0-bf9e-a6a00ee30fda', l='ServerLevel[world]', x=-220.26, y=87.00, z=152.70, cpos=[-14, 9], tl=5620, v=true] died, message: 'Villager was slain by BlackPillona_94'
[16:15:07] [Server thread/INFO]: Villager Villager['Villager'/469504, uuid='06a6b497-01b5-416e-8c12-c9fc5755cadd', l='ServerLevel[world]', x=-220.07, y=87.00, z=144.30, cpos=[-14, 9], tl=5611, v=true] died, message: 'Villager was slain by BlackPillona_94'
[16:15:25] [Server thread/INFO]: BlackPillona_94 issued server command: /summon minecraft:villager
[16:15:25] [Server thread/INFO]: [BlackPillona_94: Summoned new Villager]
[16:15:45] [Server thread/INFO]: BlackPillona_94 issued server command: /summon minecraft:villager
[16:15:45] [Server thread/INFO]: [BlackPillona_94: Summoned new Villager]
[16:21:37] [Server thread/INFO]: BlackPillona_94 issued server command: /gamemode spectator
[16:21:37] [Server thread/INFO]: [BlackPillona_94: Set own game mode to Spectator Mode]
[16:21:39] [Server thread/INFO]: BlackPillona_94 issued server command: /gamemode survival
[16:21:39] [Server thread/INFO]: [BlackPillona_94: Set own game mode to Survival Mode]
[16:22:52] [Server thread/INFO]: BlackPillona_94 issued server command: /gamemode spectator
[16:22:52] [Server thread/INFO]: [BlackPillona_94: Set own game mode to Spectator Mode]
[16:23:21] [Server thread/INFO]: BlackPillona_94 issued server command: /gamemode survival
[16:23:21] [Server thread/INFO]: [BlackPillona_94: Set own game mode to Survival Mode]
[16:23:49] [Server thread/INFO]: BlackPillona_94 lost connection: Disconnected
[16:23:49] [Server thread/INFO]: BlackPillona_94 left the game
[19:11:07] [User Authenticator #24/INFO]: UUID of player ExEnry is 724d1c1c-ad79-3f05-91e2-d008afeaa6d5
[19:11:07] [Server thread/INFO]: ExEnry joined the game
[19:11:07] [Server thread/INFO]: ExEnry[/91.254.74.218:55488] logged in with entity id 471586 at ([world]-310.91074770650584, 80.1875, 112.99603659693832)
[19:47:47] [Server thread/INFO]: ExEnry lost connection: Disconnected
[19:47:47] [Server thread/INFO]: ExEnry left the game
[19:56:05] [User Authenticator #25/INFO]: UUID of player BlackPillona_94 is e258d955-cdf3-3130-9910-bfeca184bfa7
[19:56:06] [Server thread/INFO]: BlackPillona_94 joined the game
[19:56:06] [Server thread/INFO]: BlackPillona_94[/81.56.36.157:23819] logged in with entity id 492079 at ([world]-308.15942300452326, 91.0, 113.45797547966534)
[19:57:50] [Server thread/INFO]: BlackPillona_94 lost connection: Disconnected
[19:57:50] [Server thread/INFO]: BlackPillona_94 left the game
[20:00:50] [User Authenticator #26/INFO]: UUID of player BlackPillona_94 is e258d955-cdf3-3130-9910-bfeca184bfa7
[20:00:50] [Server thread/INFO]: BlackPillona_94 joined the game
[20:00:50] [Server thread/INFO]: BlackPillona_94[/81.56.36.157:25926] logged in with entity id 492598 at ([world]-309.9812716479333, 80.0, 115.4619922211399)
[20:39:19] [Server thread/INFO]: BlackPillona_94 lost connection: Disconnected
[20:39:19] [Server thread/INFO]: BlackPillona_94 left the game
[20:41:25] [User Authenticator #27/INFO]: UUID of player BlackPillona_94 is e258d955-cdf3-3130-9910-bfeca184bfa7
[20:41:26] [Server thread/INFO]: BlackPillona_94 joined the game
[20:41:26] [Server thread/INFO]: BlackPillona_94[/81.56.36.157:29174] logged in with entity id 498057 at ([world]-310.3985580986818, 91.0, 113.2940389453043)
[20:41:57] [Server thread/INFO]: BlackPillona_94 lost connection: Disconnected
[20:41:57] [Server thread/INFO]: BlackPillona_94 left the game
[20:43:13] [User Authenticator #28/INFO]: UUID of player BlackPillona_94 is e258d955-cdf3-3130-9910-bfeca184bfa7
[20:43:13] [Server thread/INFO]: BlackPillona_94 joined the game
[20:43:13] [Server thread/INFO]: BlackPillona_94[/81.56.36.157:26620] logged in with entity id 498383 at ([world]-310.3985580986818, 91.0, 113.2940389453043)
[20:44:57] [Server thread/INFO]: BlackPillona_94 lost connection: Disconnected
[20:44:57] [Server thread/INFO]: BlackPillona_94 left the game
[20:46:55] [User Authenticator #29/INFO]: UUID of player BlackPillona_94 is e258d955-cdf3-3130-9910-bfeca184bfa7
[20:46:56] [Server thread/INFO]: BlackPillona_94 joined the game
[20:46:56] [Server thread/INFO]: BlackPillona_94[/81.56.36.157:29898] logged in with entity id 498943 at ([world]-285.3213138865721, 85.9375, 127.34628558041648)
[20:54:45] [Server thread/INFO]: BlackPillona_94 issued server command: /gamemode spectator
[20:54:45] [Server thread/INFO]: [BlackPillona_94: Set own game mode to Spectator Mode]
[20:54:53] [Server thread/INFO]: BlackPillona_94 issued server command: /gamemode survival
[20:54:53] [Server thread/INFO]: [BlackPillona_94: Set own game mode to Survival Mode]
[20:55:41] [Server thread/INFO]: BlackPillona_94 issued server command: /give @p slime_block 22
[20:55:41] [Server thread/INFO]: [BlackPillona_94: Gave 22 [Slime Block] to BlackPillona_94]
[20:57:04] [Server thread/INFO]: BlackPillona_94 issued server command: /gamemode creative
[20:57:04] [Server thread/INFO]: [BlackPillona_94: Set own game mode to Creative Mode]
[20:59:05] [Server thread/INFO]: BlackPillona_94 issued server command: /gamemode survival
[20:59:05] [Server thread/INFO]: [BlackPillona_94: Set own game mode to Survival Mode]
[20:59:08] [Server thread/INFO]: BlackPillona_94 issued server command: /gamemode creative
[20:59:08] [Server thread/INFO]: [BlackPillona_94: Set own game mode to Creative Mode]
[21:10:42] [Server thread/INFO]: BlackPillona_94 issued server command: /gamemode survival
[21:10:42] [Server thread/INFO]: [BlackPillona_94: Set own game mode to Survival Mode]
[21:13:19] [Server thread/INFO]: BlackPillona_94 lost connection: Disconnected
[21:13:19] [Server thread/INFO]: BlackPillona_94 left the game
[22:25:50] [Server thread/INFO]: Reloading BlueMap...
[22:25:51] [BlueMap-Plugin-ReloadCommand/INFO]: [BlueMap] Waiting for task 'Update map 'world'' to stop.. (100.0%)
[22:25:51] [BlueMap-Plugin-ReloadCommand/INFO]: [BlueMap] Loading resources...
[22:25:51] [BlueMap-Plugin-ReloadCommand/INFO]: [BlueMap] Loading textures...
[22:25:53] [BlueMap-Plugin-ReloadCommand/INFO]: [BlueMap] Baking resources...
[22:25:53] [BlueMap-Plugin-ReloadCommand/INFO]: [BlueMap] Resources loaded.
[22:25:53] [BlueMap-Plugin-ReloadCommand/INFO]: [BlueMap] Initializing Storage: 'file' (Type: 'bluemap:file')
[22:25:53] [BlueMap-Plugin-ReloadCommand/INFO]: [BlueMap] Loading map 'world'...
[22:25:53] [BlueMap-Plugin-ReloadCommand/INFO]: [BlueMap] Loading map 'world_the_end'...
[22:25:53] [BlueMap-Plugin-ReloadCommand/INFO]: [BlueMap] Loading map 'world_nether'...
[22:25:53] [BlueMap-Plugin-ReloadCommand/INFO]: [BlueMap] WebServer bound to all network interfaces on port 3000
[22:25:53] [Thread-249/INFO]: [BlueMap] WebServer started.
[22:25:53] [BlueMap-Plugin-ReloadCommand/INFO]: [BlueMap] Render-Threads are STOPPED! Use the command 'bluemap start' to start them.
[22:25:53] [BlueMap-Plugin-ReloadCommand/INFO]: BlueMap reloaded!
[22:25:55] [BlueMap-Plugin-StartCommand/INFO]: Render-Threads started!
